[0m14:03:44.681441 [debug] [MainThread]: Sending event: {'category': 'dbt', 'action': 'invocation', 'label': 'start', 'context': [<snowplow_tracker.self_describing_json.SelfDescribingJson object at 0x728434330ed0>, <snowplow_tracker.self_describing_json.SelfDescribingJson object at 0x728434332bd0>, <snowplow_tracker.self_describing_json.SelfDescribingJson object at 0x728431679410>]}


============================== 14:03:44.688595 | 64128e8f-50c0-4ecf-919b-267234c97195 ==============================
[0m14:03:44.688595 [info ] [MainThread]: Running with dbt=1.11.6
[0m14:03:44.689931 [debug] [MainThread]: running dbt with arguments {'introspect': 'True', 'target_path': 'None', 'cache_selected_only': 'False', 'warn_error_options': 'WarnErrorOptionsV2(error=[], warn=[], silence=[])', 'use_colors': 'True', 'profiles_dir': '/root/.dbt', 'invocation_command': 'dbt init', 'empty': 'None', 'log_format': 'default', 'indirect_selection': 'eager', 'printer_width': '80', 'no_print': 'None', 'use_experimental_parser': 'False', 'log_cache_events': 'False', 'static_parser': 'True', 'send_anonymous_usage_stats': 'True', 'warn_error': 'None', 'partial_parse': 'True', 'log_path': 'logs', 'fail_fast': 'False', 'version_check': 'True', 'debug': 'False', 'write_json': 'True', 'quiet': 'False'}
[0m14:08:11.072172 [debug] [MainThread]: Starter project path: /usr/local/lib/python3.11/site-packages/dbt/include/starter_project
[0m14:08:11.325933 [info ] [MainThread]: 
Your new dbt project "dbt_ecomm" was created!

For more information on how to configure the profiles.yml file,
please consult the dbt documentation here:

  https://docs.getdbt.com/docs/configure-your-profile

One more thing:

Need help? Don't hesitate to reach out to us via GitHub issues or on Slack:

  https://community.getdbt.com/

Happy modeling!

[0m14:08:11.329897 [info ] [MainThread]: Setting up your profile.
[0m14:24:53.518900 [info ] [MainThread]: Profile dbt_ecomm written to /root/.dbt/profiles.yml using target's profile_template.yml and your supplied values. Run 'dbt debug' to validate the connection.
[0m14:24:53.524627 [debug] [MainThread]: Resource report: {"command_name": "init", "command_success": true, "command_wall_clock_time": 1268.983, "process_in_blocks": "120152", "process_kernel_time": 0.27396, "process_mem_max_rss": "111836", "process_out_blocks": "3120", "process_user_time": 1.016976}
[0m14:24:53.526143 [debug] [MainThread]: Command `dbt init` succeeded at 14:24:53.525957 after 1268.98 seconds
[0m14:24:53.527265 [debug] [MainThread]: Sending event: {'category': 'dbt', 'action': 'invocation', 'label': 'end', 'context': [<snowplow_tracker.self_describing_json.SelfDescribingJson object at 0x728431258110>, <snowplow_tracker.self_describing_json.SelfDescribingJson object at 0x7284312028d0>, <snowplow_tracker.self_describing_json.SelfDescribingJson object at 0x728431202c90>]}
[0m14:24:53.528433 [debug] [MainThread]: Flushing usage events
[0m14:24:53.900262 [debug] [MainThread]: An error was encountered while trying to flush usage events
